<?xml version="1.0" encoding="UTF-8"?>
<!-- Generated by org.testng.reporters.JUnitReportReporter -->
<testsuite hostname="Soumya-PC" failures="0" tests="1" name="com.assessment.test.Q2" time="13.625" errors="0" timestamp="2022-03-12T02:51:28 IST" skipped="0">
  <testcase classname="com.assessment.test.Q2" name="verifyLoanAmountFor1Year" time="13.625"/>
  <system-out/>
</testsuite> <!-- com.assessment.test.Q2 -->
